<?xml version="1.0" encoding="UTF-8"?>
<!-- Generated by org.testng.reporters.JUnitXMLReporter -->
<testsuite hostname="DESKTOP-KCIJNI5" ignored="0" name="Surefire test" tests="14" failures="14" timestamp="2020-08-26T18:46:12 COT" time="0.392" errors="0">
  <testcase name="menorDeEdad on menorDeEdad(edu.eci.cvds.tdd.aerodescuentos.TarifasTest)" time="0.073" classname="edu.eci.cvds.tdd.aerodescuentos.TarifasTest">
    <failure type="java.lang.Error" message="Unresolved compilation problems: 
	The type java.lang.Throwable cannot be resolved. It is indirectly referenced from required .class files
	Implicit super constructor Object() is undefined for default constructor. Must define an explicit constructor
">
      <![CDATA[java.lang.Error: Unresolved compilation problems: 
The type java.lang.Throwable cannot be resolved. It is indirectly referenced from required .class files
Implicit super constructor Object() is undefined for default constructor. Must define an explicit constructor

at edu.eci.cvds.tdd.aerodescuentos.TarifasTest.<init>(TarifasTest.java:1)
at org.junit.runners.BlockJUnit4ClassRunner.createTest(BlockJUnit4ClassRunner.java:250)
at org.junit.runners.BlockJUnit4ClassRunner.createTest(BlockJUnit4ClassRunner.java:260)
at org.junit.runners.BlockJUnit4ClassRunner$2.runReflectiveCall(BlockJUnit4ClassRunner.java:309)
at org.junit.internal.runners.model.ReflectiveCallable.run(ReflectiveCallable.java:12)
at org.junit.runners.BlockJUnit4ClassRunner.methodBlock(BlockJUnit4ClassRunner.java:306)
at org.junit.runners.BlockJUnit4ClassRunner$1.evaluate(BlockJUnit4ClassRunner.java:100)
at org.junit.runners.ParentRunner.runLeaf(ParentRunner.java:366)
at org.junit.runners.BlockJUnit4ClassRunner.runChild(BlockJUnit4ClassRunner.java:103)
at org.junit.runners.BlockJUnit4ClassRunner.runChild(BlockJUnit4ClassRunner.java:63)
at org.junit.runners.ParentRunner$4.run(ParentRunner.java:331)
at org.junit.runners.ParentRunner$1.schedule(ParentRunner.java:79)
at org.junit.runners.ParentRunner.runChildren(ParentRunner.java:329)
at org.junit.runners.ParentRunner.access$100(ParentRunner.java:66)
at org.junit.runners.ParentRunner$2.evaluate(ParentRunner.java:293)
at org.junit.runners.ParentRunner$3.evaluate(ParentRunner.java:306)
at org.junit.runners.ParentRunner.run(ParentRunner.java:413)
at org.junit.runner.JUnitCore.run(JUnitCore.java:137)
at org.junit.runner.JUnitCore.run(JUnitCore.java:115)
at java.util.ArrayList.forEach(ArrayList.java:1259)
... Removed 28 stack frames]]>
    </failure>
  </testcase> <!-- menorDeEdad on menorDeEdad(edu.eci.cvds.tdd.aerodescuentos.TarifasTest) -->
  <testcase name="edadIncorrecta on edadIncorrecta(edu.eci.cvds.tdd.aerodescuentos.TarifasTest)" time="0.086" classname="edu.eci.cvds.tdd.aerodescuentos.TarifasTest">
    <failure type="java.lang.Error" message="Unresolved compilation problems: 
	The type java.lang.Throwable cannot be resolved. It is indirectly referenced from required .class files
	Implicit super constructor Object() is undefined for default constructor. Must define an explicit constructor
">
      <![CDATA[java.lang.Error: Unresolved compilation problems: 
The type java.lang.Throwable cannot be resolved. It is indirectly referenced from required .class files
Implicit super constructor Object() is undefined for default constructor. Must define an explicit constructor

at edu.eci.cvds.tdd.aerodescuentos.TarifasTest.<init>(TarifasTest.java:1)
at org.junit.runners.BlockJUnit4ClassRunner.createTest(BlockJUnit4ClassRunner.java:250)
at org.junit.runners.BlockJUnit4ClassRunner.createTest(BlockJUnit4ClassRunner.java:260)
at org.junit.runners.BlockJUnit4ClassRunner$2.runReflectiveCall(BlockJUnit4ClassRunner.java:309)
at org.junit.internal.runners.model.ReflectiveCallable.run(ReflectiveCallable.java:12)
at org.junit.runners.BlockJUnit4ClassRunner.methodBlock(BlockJUnit4ClassRunner.java:306)
at org.junit.runners.BlockJUnit4ClassRunner$1.evaluate(BlockJUnit4ClassRunner.java:100)
at org.junit.runners.ParentRunner.runLeaf(ParentRunner.java:366)
at org.junit.runners.BlockJUnit4ClassRunner.runChild(BlockJUnit4ClassRunner.java:103)
at org.junit.runners.BlockJUnit4ClassRunner.runChild(BlockJUnit4ClassRunner.java:63)
at org.junit.runners.ParentRunner$4.run(ParentRunner.java:331)
at org.junit.runners.ParentRunner$1.schedule(ParentRunner.java:79)
at org.junit.runners.ParentRunner.runChildren(ParentRunner.java:329)
at org.junit.runners.ParentRunner.access$100(ParentRunner.java:66)
at org.junit.runners.ParentRunner$2.evaluate(ParentRunner.java:293)
at org.junit.runners.ParentRunner$3.evaluate(ParentRunner.java:306)
at org.junit.runners.ParentRunner.run(ParentRunner.java:413)
at org.junit.runner.JUnitCore.run(JUnitCore.java:137)
at org.junit.runner.JUnitCore.run(JUnitCore.java:115)
at java.util.ArrayList.forEach(ArrayList.java:1259)
... Removed 28 stack frames]]>
    </failure>
  </testcase> <!-- edadIncorrecta on edadIncorrecta(edu.eci.cvds.tdd.aerodescuentos.TarifasTest) -->
  <testcase name="terceraEdad on terceraEdad(edu.eci.cvds.tdd.aerodescuentos.TarifasTest)" time="0.086" classname="edu.eci.cvds.tdd.aerodescuentos.TarifasTest">
    <failure type="java.lang.Error" message="Unresolved compilation problems: 
	The type java.lang.Throwable cannot be resolved. It is indirectly referenced from required .class files
	Implicit super constructor Object() is undefined for default constructor. Must define an explicit constructor
">
      <![CDATA[java.lang.Error: Unresolved compilation problems: 
The type java.lang.Throwable cannot be resolved. It is indirectly referenced from required .class files
Implicit super constructor Object() is undefined for default constructor. Must define an explicit constructor

at edu.eci.cvds.tdd.aerodescuentos.TarifasTest.<init>(TarifasTest.java:1)
at org.junit.runners.BlockJUnit4ClassRunner.createTest(BlockJUnit4ClassRunner.java:250)
at org.junit.runners.BlockJUnit4ClassRunner.createTest(BlockJUnit4ClassRunner.java:260)
at org.junit.runners.BlockJUnit4ClassRunner$2.runReflectiveCall(BlockJUnit4ClassRunner.java:309)
at org.junit.internal.runners.model.ReflectiveCallable.run(ReflectiveCallable.java:12)
at org.junit.runners.BlockJUnit4ClassRunner.methodBlock(BlockJUnit4ClassRunner.java:306)
at org.junit.runners.BlockJUnit4ClassRunner$1.evaluate(BlockJUnit4ClassRunner.java:100)
at org.junit.runners.ParentRunner.runLeaf(ParentRunner.java:366)
at org.junit.runners.BlockJUnit4ClassRunner.runChild(BlockJUnit4ClassRunner.java:103)
at org.junit.runners.BlockJUnit4ClassRunner.runChild(BlockJUnit4ClassRunner.java:63)
at org.junit.runners.ParentRunner$4.run(ParentRunner.java:331)
at org.junit.runners.ParentRunner$1.schedule(ParentRunner.java:79)
at org.junit.runners.ParentRunner.runChildren(ParentRunner.java:329)
at org.junit.runners.ParentRunner.access$100(ParentRunner.java:66)
at org.junit.runners.ParentRunner$2.evaluate(ParentRunner.java:293)
at org.junit.runners.ParentRunner$3.evaluate(ParentRunner.java:306)
at org.junit.runners.ParentRunner.run(ParentRunner.java:413)
at org.junit.runner.JUnitCore.run(JUnitCore.java:137)
at org.junit.runner.JUnitCore.run(JUnitCore.java:115)
at java.util.ArrayList.forEach(ArrayList.java:1259)
... Removed 28 stack frames]]>
    </failure>
  </testcase> <!-- terceraEdad on terceraEdad(edu.eci.cvds.tdd.aerodescuentos.TarifasTest) -->
  <testcase name="sinDescDias on sinDescDias(edu.eci.cvds.tdd.aerodescuentos.TarifasTest)" time="0.086" classname="edu.eci.cvds.tdd.aerodescuentos.TarifasTest">
    <failure type="java.lang.Error" message="Unresolved compilation problems: 
	The type java.lang.Throwable cannot be resolved. It is indirectly referenced from required .class files
	Implicit super constructor Object() is undefined for default constructor. Must define an explicit constructor
">
      <![CDATA[java.lang.Error: Unresolved compilation problems: 
The type java.lang.Throwable cannot be resolved. It is indirectly referenced from required .class files
Implicit super constructor Object() is undefined for default constructor. Must define an explicit constructor

at edu.eci.cvds.tdd.aerodescuentos.TarifasTest.<init>(TarifasTest.java:1)
at org.junit.runners.BlockJUnit4ClassRunner.createTest(BlockJUnit4ClassRunner.java:250)
at org.junit.runners.BlockJUnit4ClassRunner.createTest(BlockJUnit4ClassRunner.java:260)
at org.junit.runners.BlockJUnit4ClassRunner$2.runReflectiveCall(BlockJUnit4ClassRunner.java:309)
at org.junit.internal.runners.model.ReflectiveCallable.run(ReflectiveCallable.java:12)
at org.junit.runners.BlockJUnit4ClassRunner.methodBlock(BlockJUnit4ClassRunner.java:306)
at org.junit.runners.BlockJUnit4ClassRunner$1.evaluate(BlockJUnit4ClassRunner.java:100)
at org.junit.runners.ParentRunner.runLeaf(ParentRunner.java:366)
at org.junit.runners.BlockJUnit4ClassRunner.runChild(BlockJUnit4ClassRunner.java:103)
at org.junit.runners.BlockJUnit4ClassRunner.runChild(BlockJUnit4ClassRunner.java:63)
at org.junit.runners.ParentRunner$4.run(ParentRunner.java:331)
at org.junit.runners.ParentRunner$1.schedule(ParentRunner.java:79)
at org.junit.runners.ParentRunner.runChildren(ParentRunner.java:329)
at org.junit.runners.ParentRunner.access$100(ParentRunner.java:66)
at org.junit.runners.ParentRunner$2.evaluate(ParentRunner.java:293)
at org.junit.runners.ParentRunner$3.evaluate(ParentRunner.java:306)
at org.junit.runners.ParentRunner.run(ParentRunner.java:413)
at org.junit.runner.JUnitCore.run(JUnitCore.java:137)
at org.junit.runner.JUnitCore.run(JUnitCore.java:115)
at java.util.ArrayList.forEach(ArrayList.java:1259)
... Removed 28 stack frames]]>
    </failure>
  </testcase> <!-- sinDescDias on sinDescDias(edu.eci.cvds.tdd.aerodescuentos.TarifasTest) -->
  <testcase name="sinDescEdad on sinDescEdad(edu.eci.cvds.tdd.aerodescuentos.TarifasTest)" time="0.088" classname="edu.eci.cvds.tdd.aerodescuentos.TarifasTest">
    <failure type="java.lang.Error" message="Unresolved compilation problems: 
	The type java.lang.Throwable cannot be resolved. It is indirectly referenced from required .class files
	Implicit super constructor Object() is undefined for default constructor. Must define an explicit constructor
">
      <![CDATA[java.lang.Error: Unresolved compilation problems: 
The type java.lang.Throwable cannot be resolved. It is indirectly referenced from required .class files
Implicit super constructor Object() is undefined for default constructor. Must define an explicit constructor

at edu.eci.cvds.tdd.aerodescuentos.TarifasTest.<init>(TarifasTest.java:1)
at org.junit.runners.BlockJUnit4ClassRunner.createTest(BlockJUnit4ClassRunner.java:250)
at org.junit.runners.BlockJUnit4ClassRunner.createTest(BlockJUnit4ClassRunner.java:260)
at org.junit.runners.BlockJUnit4ClassRunner$2.runReflectiveCall(BlockJUnit4ClassRunner.java:309)
at org.junit.internal.runners.model.ReflectiveCallable.run(ReflectiveCallable.java:12)
at org.junit.runners.BlockJUnit4ClassRunner.methodBlock(BlockJUnit4ClassRunner.java:306)
at org.junit.runners.BlockJUnit4ClassRunner$1.evaluate(BlockJUnit4ClassRunner.java:100)
at org.junit.runners.ParentRunner.runLeaf(ParentRunner.java:366)
at org.junit.runners.BlockJUnit4ClassRunner.runChild(BlockJUnit4ClassRunner.java:103)
at org.junit.runners.BlockJUnit4ClassRunner.runChild(BlockJUnit4ClassRunner.java:63)
at org.junit.runners.ParentRunner$4.run(ParentRunner.java:331)
at org.junit.runners.ParentRunner$1.schedule(ParentRunner.java:79)
at org.junit.runners.ParentRunner.runChildren(ParentRunner.java:329)
at org.junit.runners.ParentRunner.access$100(ParentRunner.java:66)
at org.junit.runners.ParentRunner$2.evaluate(ParentRunner.java:293)
at org.junit.runners.ParentRunner$3.evaluate(ParentRunner.java:306)
at org.junit.runners.ParentRunner.run(ParentRunner.java:413)
at org.junit.runner.JUnitCore.run(JUnitCore.java:137)
at org.junit.runner.JUnitCore.run(JUnitCore.java:115)
at java.util.ArrayList.forEach(ArrayList.java:1259)
... Removed 28 stack frames]]>
    </failure>
  </testcase> <!-- sinDescEdad on sinDescEdad(edu.eci.cvds.tdd.aerodescuentos.TarifasTest) -->
  <testcase name="diasIncorrecta on diasIncorrecta(edu.eci.cvds.tdd.aerodescuentos.TarifasTest)" time="0.09" classname="edu.eci.cvds.tdd.aerodescuentos.TarifasTest">
    <failure type="java.lang.Error" message="Unresolved compilation problems: 
	The type java.lang.Throwable cannot be resolved. It is indirectly referenced from required .class files
	Implicit super constructor Object() is undefined for default constructor. Must define an explicit constructor
">
      <![CDATA[java.lang.Error: Unresolved compilation problems: 
The type java.lang.Throwable cannot be resolved. It is indirectly referenced from required .class files
Implicit super constructor Object() is undefined for default constructor. Must define an explicit constructor

at edu.eci.cvds.tdd.aerodescuentos.TarifasTest.<init>(TarifasTest.java:1)
at org.junit.runners.BlockJUnit4ClassRunner.createTest(BlockJUnit4ClassRunner.java:250)
at org.junit.runners.BlockJUnit4ClassRunner.createTest(BlockJUnit4ClassRunner.java:260)
at org.junit.runners.BlockJUnit4ClassRunner$2.runReflectiveCall(BlockJUnit4ClassRunner.java:309)
at org.junit.internal.runners.model.ReflectiveCallable.run(ReflectiveCallable.java:12)
at org.junit.runners.BlockJUnit4ClassRunner.methodBlock(BlockJUnit4ClassRunner.java:306)
at org.junit.runners.BlockJUnit4ClassRunner$1.evaluate(BlockJUnit4ClassRunner.java:100)
at org.junit.runners.ParentRunner.runLeaf(ParentRunner.java:366)
at org.junit.runners.BlockJUnit4ClassRunner.runChild(BlockJUnit4ClassRunner.java:103)
at org.junit.runners.BlockJUnit4ClassRunner.runChild(BlockJUnit4ClassRunner.java:63)
at org.junit.runners.ParentRunner$4.run(ParentRunner.java:331)
at org.junit.runners.ParentRunner$1.schedule(ParentRunner.java:79)
at org.junit.runners.ParentRunner.runChildren(ParentRunner.java:329)
at org.junit.runners.ParentRunner.access$100(ParentRunner.java:66)
at org.junit.runners.ParentRunner$2.evaluate(ParentRunner.java:293)
at org.junit.runners.ParentRunner$3.evaluate(ParentRunner.java:306)
at org.junit.runners.ParentRunner.run(ParentRunner.java:413)
at org.junit.runner.JUnitCore.run(JUnitCore.java:137)
at org.junit.runner.JUnitCore.run(JUnitCore.java:115)
at java.util.ArrayList.forEach(ArrayList.java:1259)
... Removed 28 stack frames]]>
    </failure>
  </testcase> <!-- diasIncorrecta on diasIncorrecta(edu.eci.cvds.tdd.aerodescuentos.TarifasTest) -->
  <testcase name="descDias on descDias(edu.eci.cvds.tdd.aerodescuentos.TarifasTest)" time="0.091" classname="edu.eci.cvds.tdd.aerodescuentos.TarifasTest">
    <failure type="java.lang.Error" message="Unresolved compilation problems: 
	The type java.lang.Throwable cannot be resolved. It is indirectly referenced from required .class files
	Implicit super constructor Object() is undefined for default constructor. Must define an explicit constructor
">
      <![CDATA[java.lang.Error: Unresolved compilation problems: 
The type java.lang.Throwable cannot be resolved. It is indirectly referenced from required .class files
Implicit super constructor Object() is undefined for default constructor. Must define an explicit constructor

at edu.eci.cvds.tdd.aerodescuentos.TarifasTest.<init>(TarifasTest.java:1)
at org.junit.runners.BlockJUnit4ClassRunner.createTest(BlockJUnit4ClassRunner.java:250)
at org.junit.runners.BlockJUnit4ClassRunner.createTest(BlockJUnit4ClassRunner.java:260)
at org.junit.runners.BlockJUnit4ClassRunner$2.runReflectiveCall(BlockJUnit4ClassRunner.java:309)
at org.junit.internal.runners.model.ReflectiveCallable.run(ReflectiveCallable.java:12)
at org.junit.runners.BlockJUnit4ClassRunner.methodBlock(BlockJUnit4ClassRunner.java:306)
at org.junit.runners.BlockJUnit4ClassRunner$1.evaluate(BlockJUnit4ClassRunner.java:100)
at org.junit.runners.ParentRunner.runLeaf(ParentRunner.java:366)
at org.junit.runners.BlockJUnit4ClassRunner.runChild(BlockJUnit4ClassRunner.java:103)
at org.junit.runners.BlockJUnit4ClassRunner.runChild(BlockJUnit4ClassRunner.java:63)
at org.junit.runners.ParentRunner$4.run(ParentRunner.java:331)
at org.junit.runners.ParentRunner$1.schedule(ParentRunner.java:79)
at org.junit.runners.ParentRunner.runChildren(ParentRunner.java:329)
at org.junit.runners.ParentRunner.access$100(ParentRunner.java:66)
at org.junit.runners.ParentRunner$2.evaluate(ParentRunner.java:293)
at org.junit.runners.ParentRunner$3.evaluate(ParentRunner.java:306)
at org.junit.runners.ParentRunner.run(ParentRunner.java:413)
at org.junit.runner.JUnitCore.run(JUnitCore.java:137)
at org.junit.runner.JUnitCore.run(JUnitCore.java:115)
at java.util.ArrayList.forEach(ArrayList.java:1259)
... Removed 28 stack frames]]>
    </failure>
  </testcase> <!-- descDias on descDias(edu.eci.cvds.tdd.aerodescuentos.TarifasTest) -->
  <testcase name="tarifaIncorrecta on tarifaIncorrecta(edu.eci.cvds.tdd.aerodescuentos.TarifasTest)" time="0.091" classname="edu.eci.cvds.tdd.aerodescuentos.TarifasTest">
    <failure type="java.lang.Error" message="Unresolved compilation problems: 
	The type java.lang.Throwable cannot be resolved. It is indirectly referenced from required .class files
	Implicit super constructor Object() is undefined for default constructor. Must define an explicit constructor
">
      <![CDATA[java.lang.Error: Unresolved compilation problems: 
The type java.lang.Throwable cannot be resolved. It is indirectly referenced from required .class files
Implicit super constructor Object() is undefined for default constructor. Must define an explicit constructor

at edu.eci.cvds.tdd.aerodescuentos.TarifasTest.<init>(TarifasTest.java:1)
at org.junit.runners.BlockJUnit4ClassRunner.createTest(BlockJUnit4ClassRunner.java:250)
at org.junit.runners.BlockJUnit4ClassRunner.createTest(BlockJUnit4ClassRunner.java:260)
at org.junit.runners.BlockJUnit4ClassRunner$2.runReflectiveCall(BlockJUnit4ClassRunner.java:309)
at org.junit.internal.runners.model.ReflectiveCallable.run(ReflectiveCallable.java:12)
at org.junit.runners.BlockJUnit4ClassRunner.methodBlock(BlockJUnit4ClassRunner.java:306)
at org.junit.runners.BlockJUnit4ClassRunner$1.evaluate(BlockJUnit4ClassRunner.java:100)
at org.junit.runners.ParentRunner.runLeaf(ParentRunner.java:366)
at org.junit.runners.BlockJUnit4ClassRunner.runChild(BlockJUnit4ClassRunner.java:103)
at org.junit.runners.BlockJUnit4ClassRunner.runChild(BlockJUnit4ClassRunner.java:63)
at org.junit.runners.ParentRunner$4.run(ParentRunner.java:331)
at org.junit.runners.ParentRunner$1.schedule(ParentRunner.java:79)
at org.junit.runners.ParentRunner.runChildren(ParentRunner.java:329)
at org.junit.runners.ParentRunner.access$100(ParentRunner.java:66)
at org.junit.runners.ParentRunner$2.evaluate(ParentRunner.java:293)
at org.junit.runners.ParentRunner$3.evaluate(ParentRunner.java:306)
at org.junit.runners.ParentRunner.run(ParentRunner.java:413)
at org.junit.runner.JUnitCore.run(JUnitCore.java:137)
at org.junit.runner.JUnitCore.run(JUnitCore.java:115)
at java.util.ArrayList.forEach(ArrayList.java:1259)
... Removed 28 stack frames]]>
    </failure>
  </testcase> <!-- tarifaIncorrecta on tarifaIncorrecta(edu.eci.cvds.tdd.aerodescuentos.TarifasTest) -->
  <testcase name="sinDesc on sinDesc(edu.eci.cvds.tdd.aerodescuentos.TarifasTest)" time="0.093" classname="edu.eci.cvds.tdd.aerodescuentos.TarifasTest">
    <failure type="java.lang.Error" message="Unresolved compilation problems: 
	The type java.lang.Throwable cannot be resolved. It is indirectly referenced from required .class files
	Implicit super constructor Object() is undefined for default constructor. Must define an explicit constructor
">
      <![CDATA[java.lang.Error: Unresolved compilation problems: 
The type java.lang.Throwable cannot be resolved. It is indirectly referenced from required .class files
Implicit super constructor Object() is undefined for default constructor. Must define an explicit constructor

at edu.eci.cvds.tdd.aerodescuentos.TarifasTest.<init>(TarifasTest.java:1)
at org.junit.runners.BlockJUnit4ClassRunner.createTest(BlockJUnit4ClassRunner.java:250)
at org.junit.runners.BlockJUnit4ClassRunner.createTest(BlockJUnit4ClassRunner.java:260)
at org.junit.runners.BlockJUnit4ClassRunner$2.runReflectiveCall(BlockJUnit4ClassRunner.java:309)
at org.junit.internal.runners.model.ReflectiveCallable.run(ReflectiveCallable.java:12)
at org.junit.runners.BlockJUnit4ClassRunner.methodBlock(BlockJUnit4ClassRunner.java:306)
at org.junit.runners.BlockJUnit4ClassRunner$1.evaluate(BlockJUnit4ClassRunner.java:100)
at org.junit.runners.ParentRunner.runLeaf(ParentRunner.java:366)
at org.junit.runners.BlockJUnit4ClassRunner.runChild(BlockJUnit4ClassRunner.java:103)
at org.junit.runners.BlockJUnit4ClassRunner.runChild(BlockJUnit4ClassRunner.java:63)
at org.junit.runners.ParentRunner$4.run(ParentRunner.java:331)
at org.junit.runners.ParentRunner$1.schedule(ParentRunner.java:79)
at org.junit.runners.ParentRunner.runChildren(ParentRunner.java:329)
at org.junit.runners.ParentRunner.access$100(ParentRunner.java:66)
at org.junit.runners.ParentRunner$2.evaluate(ParentRunner.java:293)
at org.junit.runners.ParentRunner$3.evaluate(ParentRunner.java:306)
at org.junit.runners.ParentRunner.run(ParentRunner.java:413)
at org.junit.runner.JUnitCore.run(JUnitCore.java:137)
at org.junit.runner.JUnitCore.run(JUnitCore.java:115)
at java.util.ArrayList.forEach(ArrayList.java:1259)
... Removed 28 stack frames]]>
    </failure>
  </testcase> <!-- sinDesc on sinDesc(edu.eci.cvds.tdd.aerodescuentos.TarifasTest) -->
  <testcase name="registryInvalidAgeP on registryInvalidAgeP(edu.eci.cvds.tdd.registry.RegistryTest)" time="0.002" classname="edu.eci.cvds.tdd.registry.RegistryTest">
    <failure type="java.lang.Error" message="Unresolved compilation problems: 
	Implicit super constructor Object() is undefined for default constructor. Must define an explicit constructor
	The constructor Person(String, int, int, Gender, boolean) refers to the missing type String
	The method assertEquals(Object, Object) from the type Assert refers to the missing type Object
	The constructor Person(String, int, int, Gender, boolean) refers to the missing type String
	The method assertEquals(Object, Object) from the type Assert refers to the missing type Object
	The constructor Person(String, int, int, Gender, boolean) refers to the missing type String
	The constructor Person(String, int, int, Gender, boolean) refers to the missing type String
	The method assertEquals(Object, Object) from the type Assert refers to the missing type Object
	The constructor Person(String, int, int, Gender, boolean) refers to the missing type String
	The method assertEquals(Object, Object) from the type Assert refers to the missing type Object
	The constructor Person(String, int, int, Gender, boolean) refers to the missing type String
	The method assertEquals(Object, Object) from the type Assert refers to the missing type Object
">
      <![CDATA[java.lang.Error: Unresolved compilation problems: 
Implicit super constructor Object() is undefined for default constructor. Must define an explicit constructor
The constructor Person(String, int, int, Gender, boolean) refers to the missing type String
The method assertEquals(Object, Object) from the type Assert refers to the missing type Object
The constructor Person(String, int, int, Gender, boolean) refers to the missing type String
The method assertEquals(Object, Object) from the type Assert refers to the missing type Object
The constructor Person(String, int, int, Gender, boolean) refers to the missing type String
The constructor Person(String, int, int, Gender, boolean) refers to the missing type String
The method assertEquals(Object, Object) from the type Assert refers to the missing type Object
The constructor Person(String, int, int, Gender, boolean) refers to the missing type String
The method assertEquals(Object, Object) from the type Assert refers to the missing type Object
The constructor Person(String, int, int, Gender, boolean) refers to the missing type String
The method assertEquals(Object, Object) from the type Assert refers to the missing type Object

at edu.eci.cvds.tdd.registry.RegistryTest.<init>(RegistryTest.java:7)
at org.junit.runners.BlockJUnit4ClassRunner.createTest(BlockJUnit4ClassRunner.java:250)
at org.junit.runners.BlockJUnit4ClassRunner.createTest(BlockJUnit4ClassRunner.java:260)
at org.junit.runners.BlockJUnit4ClassRunner$2.runReflectiveCall(BlockJUnit4ClassRunner.java:309)
at org.junit.internal.runners.model.ReflectiveCallable.run(ReflectiveCallable.java:12)
at org.junit.runners.BlockJUnit4ClassRunner.methodBlock(BlockJUnit4ClassRunner.java:306)
at org.junit.runners.BlockJUnit4ClassRunner$1.evaluate(BlockJUnit4ClassRunner.java:100)
at org.junit.runners.ParentRunner.runLeaf(ParentRunner.java:366)
at org.junit.runners.BlockJUnit4ClassRunner.runChild(BlockJUnit4ClassRunner.java:103)
at org.junit.runners.BlockJUnit4ClassRunner.runChild(BlockJUnit4ClassRunner.java:63)
at org.junit.runners.ParentRunner$4.run(ParentRunner.java:331)
at org.junit.runners.ParentRunner$1.schedule(ParentRunner.java:79)
at org.junit.runners.ParentRunner.runChildren(ParentRunner.java:329)
at org.junit.runners.ParentRunner.access$100(ParentRunner.java:66)
at org.junit.runners.ParentRunner$2.evaluate(ParentRunner.java:293)
at org.junit.runners.ParentRunner$3.evaluate(ParentRunner.java:306)
at org.junit.runners.ParentRunner.run(ParentRunner.java:413)
at org.junit.runner.JUnitCore.run(JUnitCore.java:137)
at org.junit.runner.JUnitCore.run(JUnitCore.java:115)
at java.util.ArrayList.forEach(ArrayList.java:1259)
... Removed 28 stack frames]]>
    </failure>
  </testcase> <!-- registryInvalidAgeP on registryInvalidAgeP(edu.eci.cvds.tdd.registry.RegistryTest) -->
  <testcase name="registryValidateP on registryValidateP(edu.eci.cvds.tdd.registry.RegistryTest)" time="0.002" classname="edu.eci.cvds.tdd.registry.RegistryTest">
    <failure type="java.lang.Error" message="Unresolved compilation problems: 
	Implicit super constructor Object() is undefined for default constructor. Must define an explicit constructor
	The constructor Person(String, int, int, Gender, boolean) refers to the missing type String
	The method assertEquals(Object, Object) from the type Assert refers to the missing type Object
	The constructor Person(String, int, int, Gender, boolean) refers to the missing type String
	The method assertEquals(Object, Object) from the type Assert refers to the missing type Object
	The constructor Person(String, int, int, Gender, boolean) refers to the missing type String
	The constructor Person(String, int, int, Gender, boolean) refers to the missing type String
	The method assertEquals(Object, Object) from the type Assert refers to the missing type Object
	The constructor Person(String, int, int, Gender, boolean) refers to the missing type String
	The method assertEquals(Object, Object) from the type Assert refers to the missing type Object
	The constructor Person(String, int, int, Gender, boolean) refers to the missing type String
	The method assertEquals(Object, Object) from the type Assert refers to the missing type Object
">
      <![CDATA[java.lang.Error: Unresolved compilation problems: 
Implicit super constructor Object() is undefined for default constructor. Must define an explicit constructor
The constructor Person(String, int, int, Gender, boolean) refers to the missing type String
The method assertEquals(Object, Object) from the type Assert refers to the missing type Object
The constructor Person(String, int, int, Gender, boolean) refers to the missing type String
The method assertEquals(Object, Object) from the type Assert refers to the missing type Object
The constructor Person(String, int, int, Gender, boolean) refers to the missing type String
The constructor Person(String, int, int, Gender, boolean) refers to the missing type String
The method assertEquals(Object, Object) from the type Assert refers to the missing type Object
The constructor Person(String, int, int, Gender, boolean) refers to the missing type String
The method assertEquals(Object, Object) from the type Assert refers to the missing type Object
The constructor Person(String, int, int, Gender, boolean) refers to the missing type String
The method assertEquals(Object, Object) from the type Assert refers to the missing type Object

at edu.eci.cvds.tdd.registry.RegistryTest.<init>(RegistryTest.java:7)
at org.junit.runners.BlockJUnit4ClassRunner.createTest(BlockJUnit4ClassRunner.java:250)
at org.junit.runners.BlockJUnit4ClassRunner.createTest(BlockJUnit4ClassRunner.java:260)
at org.junit.runners.BlockJUnit4ClassRunner$2.runReflectiveCall(BlockJUnit4ClassRunner.java:309)
at org.junit.internal.runners.model.ReflectiveCallable.run(ReflectiveCallable.java:12)
at org.junit.runners.BlockJUnit4ClassRunner.methodBlock(BlockJUnit4ClassRunner.java:306)
at org.junit.runners.BlockJUnit4ClassRunner$1.evaluate(BlockJUnit4ClassRunner.java:100)
at org.junit.runners.ParentRunner.runLeaf(ParentRunner.java:366)
at org.junit.runners.BlockJUnit4ClassRunner.runChild(BlockJUnit4ClassRunner.java:103)
at org.junit.runners.BlockJUnit4ClassRunner.runChild(BlockJUnit4ClassRunner.java:63)
at org.junit.runners.ParentRunner$4.run(ParentRunner.java:331)
at org.junit.runners.ParentRunner$1.schedule(ParentRunner.java:79)
at org.junit.runners.ParentRunner.runChildren(ParentRunner.java:329)
at org.junit.runners.ParentRunner.access$100(ParentRunner.java:66)
at org.junit.runners.ParentRunner$2.evaluate(ParentRunner.java:293)
at org.junit.runners.ParentRunner$3.evaluate(ParentRunner.java:306)
at org.junit.runners.ParentRunner.run(ParentRunner.java:413)
at org.junit.runner.JUnitCore.run(JUnitCore.java:137)
at org.junit.runner.JUnitCore.run(JUnitCore.java:115)
at java.util.ArrayList.forEach(ArrayList.java:1259)
... Removed 28 stack frames]]>
    </failure>
  </testcase> <!-- registryValidateP on registryValidateP(edu.eci.cvds.tdd.registry.RegistryTest) -->
  <testcase name="registryUnderAgeP on registryUnderAgeP(edu.eci.cvds.tdd.registry.RegistryTest)" time="0.004" classname="edu.eci.cvds.tdd.registry.RegistryTest">
    <failure type="java.lang.Error" message="Unresolved compilation problems: 
	Implicit super constructor Object() is undefined for default constructor. Must define an explicit constructor
	The constructor Person(String, int, int, Gender, boolean) refers to the missing type String
	The method assertEquals(Object, Object) from the type Assert refers to the missing type Object
	The constructor Person(String, int, int, Gender, boolean) refers to the missing type String
	The method assertEquals(Object, Object) from the type Assert refers to the missing type Object
	The constructor Person(String, int, int, Gender, boolean) refers to the missing type String
	The constructor Person(String, int, int, Gender, boolean) refers to the missing type String
	The method assertEquals(Object, Object) from the type Assert refers to the missing type Object
	The constructor Person(String, int, int, Gender, boolean) refers to the missing type String
	The method assertEquals(Object, Object) from the type Assert refers to the missing type Object
	The constructor Person(String, int, int, Gender, boolean) refers to the missing type String
	The method assertEquals(Object, Object) from the type Assert refers to the missing type Object
">
      <![CDATA[java.lang.Error: Unresolved compilation problems: 
Implicit super constructor Object() is undefined for default constructor. Must define an explicit constructor
The constructor Person(String, int, int, Gender, boolean) refers to the missing type String
The method assertEquals(Object, Object) from the type Assert refers to the missing type Object
The constructor Person(String, int, int, Gender, boolean) refers to the missing type String
The method assertEquals(Object, Object) from the type Assert refers to the missing type Object
The constructor Person(String, int, int, Gender, boolean) refers to the missing type String
The constructor Person(String, int, int, Gender, boolean) refers to the missing type String
The method assertEquals(Object, Object) from the type Assert refers to the missing type Object
The constructor Person(String, int, int, Gender, boolean) refers to the missing type String
The method assertEquals(Object, Object) from the type Assert refers to the missing type Object
The constructor Person(String, int, int, Gender, boolean) refers to the missing type String
The method assertEquals(Object, Object) from the type Assert refers to the missing type Object

at edu.eci.cvds.tdd.registry.RegistryTest.<init>(RegistryTest.java:7)
at org.junit.runners.BlockJUnit4ClassRunner.createTest(BlockJUnit4ClassRunner.java:250)
at org.junit.runners.BlockJUnit4ClassRunner.createTest(BlockJUnit4ClassRunner.java:260)
at org.junit.runners.BlockJUnit4ClassRunner$2.runReflectiveCall(BlockJUnit4ClassRunner.java:309)
at org.junit.internal.runners.model.ReflectiveCallable.run(ReflectiveCallable.java:12)
at org.junit.runners.BlockJUnit4ClassRunner.methodBlock(BlockJUnit4ClassRunner.java:306)
at org.junit.runners.BlockJUnit4ClassRunner$1.evaluate(BlockJUnit4ClassRunner.java:100)
at org.junit.runners.ParentRunner.runLeaf(ParentRunner.java:366)
at org.junit.runners.BlockJUnit4ClassRunner.runChild(BlockJUnit4ClassRunner.java:103)
at org.junit.runners.BlockJUnit4ClassRunner.runChild(BlockJUnit4ClassRunner.java:63)
at org.junit.runners.ParentRunner$4.run(ParentRunner.java:331)
at org.junit.runners.ParentRunner$1.schedule(ParentRunner.java:79)
at org.junit.runners.ParentRunner.runChildren(ParentRunner.java:329)
at org.junit.runners.ParentRunner.access$100(ParentRunner.java:66)
at org.junit.runners.ParentRunner$2.evaluate(ParentRunner.java:293)
at org.junit.runners.ParentRunner$3.evaluate(ParentRunner.java:306)
at org.junit.runners.ParentRunner.run(ParentRunner.java:413)
at org.junit.runner.JUnitCore.run(JUnitCore.java:137)
at org.junit.runner.JUnitCore.run(JUnitCore.java:115)
at java.util.ArrayList.forEach(ArrayList.java:1259)
... Removed 28 stack frames]]>
    </failure>
  </testcase> <!-- registryUnderAgeP on registryUnderAgeP(edu.eci.cvds.tdd.registry.RegistryTest) -->
  <testcase name="registryDeadP on registryDeadP(edu.eci.cvds.tdd.registry.RegistryTest)" time="0.006" classname="edu.eci.cvds.tdd.registry.RegistryTest">
    <failure type="java.lang.Error" message="Unresolved compilation problems: 
	Implicit super constructor Object() is undefined for default constructor. Must define an explicit constructor
	The constructor Person(String, int, int, Gender, boolean) refers to the missing type String
	The method assertEquals(Object, Object) from the type Assert refers to the missing type Object
	The constructor Person(String, int, int, Gender, boolean) refers to the missing type String
	The method assertEquals(Object, Object) from the type Assert refers to the missing type Object
	The constructor Person(String, int, int, Gender, boolean) refers to the missing type String
	The constructor Person(String, int, int, Gender, boolean) refers to the missing type String
	The method assertEquals(Object, Object) from the type Assert refers to the missing type Object
	The constructor Person(String, int, int, Gender, boolean) refers to the missing type String
	The method assertEquals(Object, Object) from the type Assert refers to the missing type Object
	The constructor Person(String, int, int, Gender, boolean) refers to the missing type String
	The method assertEquals(Object, Object) from the type Assert refers to the missing type Object
">
      <![CDATA[java.lang.Error: Unresolved compilation problems: 
Implicit super constructor Object() is undefined for default constructor. Must define an explicit constructor
The constructor Person(String, int, int, Gender, boolean) refers to the missing type String
The method assertEquals(Object, Object) from the type Assert refers to the missing type Object
The constructor Person(String, int, int, Gender, boolean) refers to the missing type String
The method assertEquals(Object, Object) from the type Assert refers to the missing type Object
The constructor Person(String, int, int, Gender, boolean) refers to the missing type String
The constructor Person(String, int, int, Gender, boolean) refers to the missing type String
The method assertEquals(Object, Object) from the type Assert refers to the missing type Object
The constructor Person(String, int, int, Gender, boolean) refers to the missing type String
The method assertEquals(Object, Object) from the type Assert refers to the missing type Object
The constructor Person(String, int, int, Gender, boolean) refers to the missing type String
The method assertEquals(Object, Object) from the type Assert refers to the missing type Object

at edu.eci.cvds.tdd.registry.RegistryTest.<init>(RegistryTest.java:7)
at org.junit.runners.BlockJUnit4ClassRunner.createTest(BlockJUnit4ClassRunner.java:250)
at org.junit.runners.BlockJUnit4ClassRunner.createTest(BlockJUnit4ClassRunner.java:260)
at org.junit.runners.BlockJUnit4ClassRunner$2.runReflectiveCall(BlockJUnit4ClassRunner.java:309)
at org.junit.internal.runners.model.ReflectiveCallable.run(ReflectiveCallable.java:12)
at org.junit.runners.BlockJUnit4ClassRunner.methodBlock(BlockJUnit4ClassRunner.java:306)
at org.junit.runners.BlockJUnit4ClassRunner$1.evaluate(BlockJUnit4ClassRunner.java:100)
at org.junit.runners.ParentRunner.runLeaf(ParentRunner.java:366)
at org.junit.runners.BlockJUnit4ClassRunner.runChild(BlockJUnit4ClassRunner.java:103)
at org.junit.runners.BlockJUnit4ClassRunner.runChild(BlockJUnit4ClassRunner.java:63)
at org.junit.runners.ParentRunner$4.run(ParentRunner.java:331)
at org.junit.runners.ParentRunner$1.schedule(ParentRunner.java:79)
at org.junit.runners.ParentRunner.runChildren(ParentRunner.java:329)
at org.junit.runners.ParentRunner.access$100(ParentRunner.java:66)
at org.junit.runners.ParentRunner$2.evaluate(ParentRunner.java:293)
at org.junit.runners.ParentRunner$3.evaluate(ParentRunner.java:306)
at org.junit.runners.ParentRunner.run(ParentRunner.java:413)
at org.junit.runner.JUnitCore.run(JUnitCore.java:137)
at org.junit.runner.JUnitCore.run(JUnitCore.java:115)
at java.util.ArrayList.forEach(ArrayList.java:1259)
... Removed 28 stack frames]]>
    </failure>
  </testcase> <!-- registryDeadP on registryDeadP(edu.eci.cvds.tdd.registry.RegistryTest) -->
  <testcase name="registryDuplicateP on registryDuplicateP(edu.eci.cvds.tdd.registry.RegistryTest)" time="0.01" classname="edu.eci.cvds.tdd.registry.RegistryTest">
    <failure type="java.lang.Error" message="Unresolved compilation problems: 
	Implicit super constructor Object() is undefined for default constructor. Must define an explicit constructor
	The constructor Person(String, int, int, Gender, boolean) refers to the missing type String
	The method assertEquals(Object, Object) from the type Assert refers to the missing type Object
	The constructor Person(String, int, int, Gender, boolean) refers to the missing type String
	The method assertEquals(Object, Object) from the type Assert refers to the missing type Object
	The constructor Person(String, int, int, Gender, boolean) refers to the missing type String
	The constructor Person(String, int, int, Gender, boolean) refers to the missing type String
	The method assertEquals(Object, Object) from the type Assert refers to the missing type Object
	The constructor Person(String, int, int, Gender, boolean) refers to the missing type String
	The method assertEquals(Object, Object) from the type Assert refers to the missing type Object
	The constructor Person(String, int, int, Gender, boolean) refers to the missing type String
	The method assertEquals(Object, Object) from the type Assert refers to the missing type Object
">
      <![CDATA[java.lang.Error: Unresolved compilation problems: 
Implicit super constructor Object() is undefined for default constructor. Must define an explicit constructor
The constructor Person(String, int, int, Gender, boolean) refers to the missing type String
The method assertEquals(Object, Object) from the type Assert refers to the missing type Object
The constructor Person(String, int, int, Gender, boolean) refers to the missing type String
The method assertEquals(Object, Object) from the type Assert refers to the missing type Object
The constructor Person(String, int, int, Gender, boolean) refers to the missing type String
The constructor Person(String, int, int, Gender, boolean) refers to the missing type String
The method assertEquals(Object, Object) from the type Assert refers to the missing type Object
The constructor Person(String, int, int, Gender, boolean) refers to the missing type String
The method assertEquals(Object, Object) from the type Assert refers to the missing type Object
The constructor Person(String, int, int, Gender, boolean) refers to the missing type String
The method assertEquals(Object, Object) from the type Assert refers to the missing type Object

at edu.eci.cvds.tdd.registry.RegistryTest.<init>(RegistryTest.java:7)
at org.junit.runners.BlockJUnit4ClassRunner.createTest(BlockJUnit4ClassRunner.java:250)
at org.junit.runners.BlockJUnit4ClassRunner.createTest(BlockJUnit4ClassRunner.java:260)
at org.junit.runners.BlockJUnit4ClassRunner$2.runReflectiveCall(BlockJUnit4ClassRunner.java:309)
at org.junit.internal.runners.model.ReflectiveCallable.run(ReflectiveCallable.java:12)
at org.junit.runners.BlockJUnit4ClassRunner.methodBlock(BlockJUnit4ClassRunner.java:306)
at org.junit.runners.BlockJUnit4ClassRunner$1.evaluate(BlockJUnit4ClassRunner.java:100)
at org.junit.runners.ParentRunner.runLeaf(ParentRunner.java:366)
at org.junit.runners.BlockJUnit4ClassRunner.runChild(BlockJUnit4ClassRunner.java:103)
at org.junit.runners.BlockJUnit4ClassRunner.runChild(BlockJUnit4ClassRunner.java:63)
at org.junit.runners.ParentRunner$4.run(ParentRunner.java:331)
at org.junit.runners.ParentRunner$1.schedule(ParentRunner.java:79)
at org.junit.runners.ParentRunner.runChildren(ParentRunner.java:329)
at org.junit.runners.ParentRunner.access$100(ParentRunner.java:66)
at org.junit.runners.ParentRunner$2.evaluate(ParentRunner.java:293)
at org.junit.runners.ParentRunner$3.evaluate(ParentRunner.java:306)
at org.junit.runners.ParentRunner.run(ParentRunner.java:413)
at org.junit.runner.JUnitCore.run(JUnitCore.java:137)
at org.junit.runner.JUnitCore.run(JUnitCore.java:115)
at java.util.ArrayList.forEach(ArrayList.java:1259)
... Removed 28 stack frames]]>
    </failure>
  </testcase> <!-- registryDuplicateP on registryDuplicateP(edu.eci.cvds.tdd.registry.RegistryTest) -->
</testsuite> <!-- Surefire test -->
